<?xml version="1.0" encoding="UTF-8"?>
<testsuite xmlns:xsi="http://www.w3.org/2001/XMLSchema-instance" xsi:noNamespaceSchemaLocation="https://maven.apache.org/surefire/maven-surefire-plugin/xsd/surefire-test-report.xsd" name="com.msdn.CodeTest" time="0.094" tests="1" errors="0" skipped="0" failures="0">
  <properties>
    <property name="sun.desktop" value="windows"/>
    <property name="awt.toolkit" value="sun.awt.windows.WToolkit"/>
    <property name="file.encoding.pkg" value="sun.io"/>
    <property name="java.specification.version" value="1.8"/>
    <property name="sun.cpu.isalist" value="amd64"/>
    <property name="sun.jnu.encoding" value="GBK"/>
    <property name="java.class.path" value="F:\workspace\code_generate\mybatis-generator\target\test-classes;F:\workspace\code_generate\mybatis-generator\target\classes;D:\Java_About\Java_component\apache-maven-3.5.0\sts-maven\org\springframework\boot\spring-boot-starter-web\2.2.6.RELEASE\spring-boot-starter-web-2.2.6.RELEASE.jar;D:\Java_About\Java_component\apache-maven-3.5.0\sts-maven\org\springframework\boot\spring-boot-starter\2.2.6.RELEASE\spring-boot-starter-2.2.6.RELEASE.jar;D:\Java_About\Java_component\apache-maven-3.5.0\sts-maven\org\springframework\boot\spring-boot\2.2.6.RELEASE\spring-boot-2.2.6.RELEASE.jar;D:\Java_About\Java_component\apache-maven-3.5.0\sts-maven\org\springframework\boot\spring-boot-starter-logging\2.2.6.RELEASE\spring-boot-starter-logging-2.2.6.RELEASE.jar;D:\Java_About\Java_component\apache-maven-3.5.0\sts-maven\org\apache\logging\log4j\log4j-to-slf4j\2.12.1\log4j-to-slf4j-2.12.1.jar;D:\Java_About\Java_component\apache-maven-3.5.0\sts-maven\org\apache\logging\log4j\log4j-api\2.12.1\log4j-api-2.12.1.jar;D:\Java_About\Java_component\apache-maven-3.5.0\sts-maven\org\slf4j\jul-to-slf4j\1.7.30\jul-to-slf4j-1.7.30.jar;D:\Java_About\Java_component\apache-maven-3.5.0\sts-maven\jakarta\annotation\jakarta.annotation-api\1.3.5\jakarta.annotation-api-1.3.5.jar;D:\Java_About\Java_component\apache-maven-3.5.0\sts-maven\org\yaml\snakeyaml\1.25\snakeyaml-1.25.jar;D:\Java_About\Java_component\apache-maven-3.5.0\sts-maven\org\springframework\boot\spring-boot-starter-json\2.2.6.RELEASE\spring-boot-starter-json-2.2.6.RELEASE.jar;D:\Java_About\Java_component\apache-maven-3.5.0\sts-maven\com\fasterxml\jackson\core\jackson-databind\2.10.3\jackson-databind-2.10.3.jar;D:\Java_About\Java_component\apache-maven-3.5.0\sts-maven\com\fasterxml\jackson\core\jackson-core\2.10.3\jackson-core-2.10.3.jar;D:\Java_About\Java_component\apache-maven-3.5.0\sts-maven\com\fasterxml\jackson\datatype\jackson-datatype-jdk8\2.10.3\jackson-datatype-jdk8-2.10.3.jar;D:\Java_About\Java_component\apache-maven-3.5.0\sts-maven\com\fasterxml\jackson\datatype\jackson-datatype-jsr310\2.10.3\jackson-datatype-jsr310-2.10.3.jar;D:\Java_About\Java_component\apache-maven-3.5.0\sts-maven\com\fasterxml\jackson\module\jackson-module-parameter-names\2.10.3\jackson-module-parameter-names-2.10.3.jar;D:\Java_About\Java_component\apache-maven-3.5.0\sts-maven\org\springframework\boot\spring-boot-starter-tomcat\2.2.6.RELEASE\spring-boot-starter-tomcat-2.2.6.RELEASE.jar;D:\Java_About\Java_component\apache-maven-3.5.0\sts-maven\org\apache\tomcat\embed\tomcat-embed-core\9.0.33\tomcat-embed-core-9.0.33.jar;D:\Java_About\Java_component\apache-maven-3.5.0\sts-maven\org\apache\tomcat\embed\tomcat-embed-el\9.0.33\tomcat-embed-el-9.0.33.jar;D:\Java_About\Java_component\apache-maven-3.5.0\sts-maven\org\apache\tomcat\embed\tomcat-embed-websocket\9.0.33\tomcat-embed-websocket-9.0.33.jar;D:\Java_About\Java_component\apache-maven-3.5.0\sts-maven\org\springframework\boot\spring-boot-starter-validation\2.2.6.RELEASE\spring-boot-starter-validation-2.2.6.RELEASE.jar;D:\Java_About\Java_component\apache-maven-3.5.0\sts-maven\jakarta\validation\jakarta.validation-api\2.0.2\jakarta.validation-api-2.0.2.jar;D:\Java_About\Java_component\apache-maven-3.5.0\sts-maven\org\hibernate\validator\hibernate-validator\6.0.18.Final\hibernate-validator-6.0.18.Final.jar;D:\Java_About\Java_component\apache-maven-3.5.0\sts-maven\org\jboss\logging\jboss-logging\3.4.1.Final\jboss-logging-3.4.1.Final.jar;D:\Java_About\Java_component\apache-maven-3.5.0\sts-maven\org\springframework\spring-web\5.2.5.RELEASE\spring-web-5.2.5.RELEASE.jar;D:\Java_About\Java_component\apache-maven-3.5.0\sts-maven\org\springframework\spring-webmvc\5.2.5.RELEASE\spring-webmvc-5.2.5.RELEASE.jar;D:\Java_About\Java_component\apache-maven-3.5.0\sts-maven\org\springframework\spring-aop\5.2.5.RELEASE\spring-aop-5.2.5.RELEASE.jar;D:\Java_About\Java_component\apache-maven-3.5.0\sts-maven\org\springframework\spring-context\5.2.5.RELEASE\spring-context-5.2.5.RELEASE.jar;D:\Java_About\Java_component\apache-maven-3.5.0\sts-maven\org\springframework\spring-expression\5.2.5.RELEASE\spring-expression-5.2.5.RELEASE.jar;D:\Java_About\Java_component\apache-maven-3.5.0\sts-maven\com\alibaba\fastjson\1.2.73\fastjson-1.2.73.jar;D:\Java_About\Java_component\apache-maven-3.5.0\sts-maven\org\slf4j\slf4j-api\1.7.30\slf4j-api-1.7.30.jar;D:\Java_About\Java_component\apache-maven-3.5.0\sts-maven\ch\qos\logback\logback-core\1.2.3\logback-core-1.2.3.jar;D:\Java_About\Java_component\apache-maven-3.5.0\sts-maven\ch\qos\logback\logback-classic\1.2.3\logback-classic-1.2.3.jar;D:\Java_About\Java_component\apache-maven-3.5.0\sts-maven\cn\hutool\hutool-all\5.5.8\hutool-all-5.5.8.jar;D:\Java_About\Java_component\apache-maven-3.5.0\sts-maven\org\projectlombok\lombok\1.18.12\lombok-1.18.12.jar;D:\Java_About\Java_component\apache-maven-3.5.0\sts-maven\org\springframework\boot\spring-boot-starter-test\2.2.6.RELEASE\spring-boot-starter-test-2.2.6.RELEASE.jar;D:\Java_About\Java_component\apache-maven-3.5.0\sts-maven\org\springframework\boot\spring-boot-test\2.2.6.RELEASE\spring-boot-test-2.2.6.RELEASE.jar;D:\Java_About\Java_component\apache-maven-3.5.0\sts-maven\org\springframework\boot\spring-boot-test-autoconfigure\2.2.6.RELEASE\spring-boot-test-autoconfigure-2.2.6.RELEASE.jar;D:\Java_About\Java_component\apache-maven-3.5.0\sts-maven\com\jayway\jsonpath\json-path\2.4.0\json-path-2.4.0.jar;D:\Java_About\Java_component\apache-maven-3.5.0\sts-maven\net\minidev\json-smart\2.3\json-smart-2.3.jar;D:\Java_About\Java_component\apache-maven-3.5.0\sts-maven\net\minidev\accessors-smart\1.2\accessors-smart-1.2.jar;D:\Java_About\Java_component\apache-maven-3.5.0\sts-maven\org\ow2\asm\asm\5.0.4\asm-5.0.4.jar;D:\Java_About\Java_component\apache-maven-3.5.0\sts-maven\jakarta\xml\bind\jakarta.xml.bind-api\2.3.3\jakarta.xml.bind-api-2.3.3.jar;D:\Java_About\Java_component\apache-maven-3.5.0\sts-maven\jakarta\activation\jakarta.activation-api\1.2.2\jakarta.activation-api-1.2.2.jar;D:\Java_About\Java_component\apache-maven-3.5.0\sts-maven\org\junit\jupiter\junit-jupiter\5.5.2\junit-jupiter-5.5.2.jar;D:\Java_About\Java_component\apache-maven-3.5.0\sts-maven\org\junit\jupiter\junit-jupiter-api\5.5.2\junit-jupiter-api-5.5.2.jar;D:\Java_About\Java_component\apache-maven-3.5.0\sts-maven\org\opentest4j\opentest4j\1.2.0\opentest4j-1.2.0.jar;D:\Java_About\Java_component\apache-maven-3.5.0\sts-maven\org\junit\platform\junit-platform-commons\1.5.2\junit-platform-commons-1.5.2.jar;D:\Java_About\Java_component\apache-maven-3.5.0\sts-maven\org\junit\jupiter\junit-jupiter-params\5.5.2\junit-jupiter-params-5.5.2.jar;D:\Java_About\Java_component\apache-maven-3.5.0\sts-maven\org\junit\jupiter\junit-jupiter-engine\5.5.2\junit-jupiter-engine-5.5.2.jar;D:\Java_About\Java_component\apache-maven-3.5.0\sts-maven\org\junit\vintage\junit-vintage-engine\5.5.2\junit-vintage-engine-5.5.2.jar;D:\Java_About\Java_component\apache-maven-3.5.0\sts-maven\org\apiguardian\apiguardian-api\1.1.0\apiguardian-api-1.1.0.jar;D:\Java_About\Java_component\apache-maven-3.5.0\sts-maven\org\junit\platform\junit-platform-engine\1.5.2\junit-platform-engine-1.5.2.jar;D:\Java_About\Java_component\apache-maven-3.5.0\sts-maven\junit\junit\4.12\junit-4.12.jar;D:\Java_About\Java_component\apache-maven-3.5.0\sts-maven\org\mockito\mockito-junit-jupiter\3.1.0\mockito-junit-jupiter-3.1.0.jar;D:\Java_About\Java_component\apache-maven-3.5.0\sts-maven\org\assertj\assertj-core\3.13.2\assertj-core-3.13.2.jar;D:\Java_About\Java_component\apache-maven-3.5.0\sts-maven\org\hamcrest\hamcrest\2.1\hamcrest-2.1.jar;D:\Java_About\Java_component\apache-maven-3.5.0\sts-maven\org\mockito\mockito-core\3.1.0\mockito-core-3.1.0.jar;D:\Java_About\Java_component\apache-maven-3.5.0\sts-maven\net\bytebuddy\byte-buddy\1.10.8\byte-buddy-1.10.8.jar;D:\Java_About\Java_component\apache-maven-3.5.0\sts-maven\net\bytebuddy\byte-buddy-agent\1.10.8\byte-buddy-agent-1.10.8.jar;D:\Java_About\Java_component\apache-maven-3.5.0\sts-maven\org\objenesis\objenesis\2.6\objenesis-2.6.jar;D:\Java_About\Java_component\apache-maven-3.5.0\sts-maven\org\skyscreamer\jsonassert\1.5.0\jsonassert-1.5.0.jar;D:\Java_About\Java_component\apache-maven-3.5.0\sts-maven\com\vaadin\external\google\android-json\0.0.20131108.vaadin1\android-json-0.0.20131108.vaadin1.jar;D:\Java_About\Java_component\apache-maven-3.5.0\sts-maven\org\springframework\spring-core\5.2.5.RELEASE\spring-core-5.2.5.RELEASE.jar;D:\Java_About\Java_component\apache-maven-3.5.0\sts-maven\org\springframework\spring-jcl\5.2.5.RELEASE\spring-jcl-5.2.5.RELEASE.jar;D:\Java_About\Java_component\apache-maven-3.5.0\sts-maven\org\springframework\spring-test\5.2.5.RELEASE\spring-test-5.2.5.RELEASE.jar;D:\Java_About\Java_component\apache-maven-3.5.0\sts-maven\org\xmlunit\xmlunit-core\2.6.4\xmlunit-core-2.6.4.jar;D:\Java_About\Java_component\apache-maven-3.5.0\sts-maven\mysql\mysql-connector-java\8.0.19\mysql-connector-java-8.0.19.jar;D:\Java_About\Java_component\apache-maven-3.5.0\sts-maven\com\spring4all\swagger-spring-boot-starter\1.9.1.RELEASE\swagger-spring-boot-starter-1.9.1.RELEASE.jar;D:\Java_About\Java_component\apache-maven-3.5.0\sts-maven\io\springfox\springfox-swagger-ui\2.9.2\springfox-swagger-ui-2.9.2.jar;D:\Java_About\Java_component\apache-maven-3.5.0\sts-maven\io\springfox\springfox-spring-web\2.9.2\springfox-spring-web-2.9.2.jar;D:\Java_About\Java_component\apache-maven-3.5.0\sts-maven\io\springfox\springfox-swagger2\2.9.2\springfox-swagger2-2.9.2.jar;D:\Java_About\Java_component\apache-maven-3.5.0\sts-maven\io\swagger\swagger-annotations\1.5.20\swagger-annotations-1.5.20.jar;D:\Java_About\Java_component\apache-maven-3.5.0\sts-maven\io\springfox\springfox-spi\2.9.2\springfox-spi-2.9.2.jar;D:\Java_About\Java_component\apache-maven-3.5.0\sts-maven\io\springfox\springfox-core\2.9.2\springfox-core-2.9.2.jar;D:\Java_About\Java_component\apache-maven-3.5.0\sts-maven\io\springfox\springfox-schema\2.9.2\springfox-schema-2.9.2.jar;D:\Java_About\Java_component\apache-maven-3.5.0\sts-maven\io\springfox\springfox-swagger-common\2.9.2\springfox-swagger-common-2.9.2.jar;D:\Java_About\Java_component\apache-maven-3.5.0\sts-maven\com\google\guava\guava\20.0\guava-20.0.jar;D:\Java_About\Java_component\apache-maven-3.5.0\sts-maven\com\fasterxml\classmate\1.5.1\classmate-1.5.1.jar;D:\Java_About\Java_component\apache-maven-3.5.0\sts-maven\org\springframework\plugin\spring-plugin-core\1.2.0.RELEASE\spring-plugin-core-1.2.0.RELEASE.jar;D:\Java_About\Java_component\apache-maven-3.5.0\sts-maven\org\springframework\plugin\spring-plugin-metadata\1.2.0.RELEASE\spring-plugin-metadata-1.2.0.RELEASE.jar;D:\Java_About\Java_component\apache-maven-3.5.0\sts-maven\org\mapstruct\mapstruct\1.2.0.Final\mapstruct-1.2.0.Final.jar;D:\Java_About\Java_component\apache-maven-3.5.0\sts-maven\io\swagger\swagger-models\1.5.24\swagger-models-1.5.24.jar;D:\Java_About\Java_component\apache-maven-3.5.0\sts-maven\com\fasterxml\jackson\core\jackson-annotations\2.10.3\jackson-annotations-2.10.3.jar;D:\Java_About\Java_component\apache-maven-3.5.0\sts-maven\io\springfox\springfox-bean-validators\2.9.2\springfox-bean-validators-2.9.2.jar;D:\Java_About\Java_component\apache-maven-3.5.0\sts-maven\org\mybatis\spring\boot\mybatis-spring-boot-starter\2.1.4\mybatis-spring-boot-starter-2.1.4.jar;D:\Java_About\Java_component\apache-maven-3.5.0\sts-maven\org\springframework\boot\spring-boot-starter-jdbc\2.2.6.RELEASE\spring-boot-starter-jdbc-2.2.6.RELEASE.jar;D:\Java_About\Java_component\apache-maven-3.5.0\sts-maven\com\zaxxer\HikariCP\3.4.2\HikariCP-3.4.2.jar;D:\Java_About\Java_component\apache-maven-3.5.0\sts-maven\org\springframework\spring-jdbc\5.2.5.RELEASE\spring-jdbc-5.2.5.RELEASE.jar;D:\Java_About\Java_component\apache-maven-3.5.0\sts-maven\org\springframework\spring-tx\5.2.5.RELEASE\spring-tx-5.2.5.RELEASE.jar;D:\Java_About\Java_component\apache-maven-3.5.0\sts-maven\org\mybatis\spring\boot\mybatis-spring-boot-autoconfigure\2.1.4\mybatis-spring-boot-autoconfigure-2.1.4.jar;D:\Java_About\Java_component\apache-maven-3.5.0\sts-maven\org\mybatis\mybatis\3.5.6\mybatis-3.5.6.jar;D:\Java_About\Java_component\apache-maven-3.5.0\sts-maven\org\mybatis\mybatis-spring\2.0.6\mybatis-spring-2.0.6.jar;D:\Java_About\Java_component\apache-maven-3.5.0\sts-maven\tk\mybatis\mapper\4.1.5\mapper-4.1.5.jar;D:\Java_About\Java_component\apache-maven-3.5.0\sts-maven\javax\persistence\persistence-api\1.0\persistence-api-1.0.jar;D:\Java_About\Java_component\apache-maven-3.5.0\sts-maven\com\beust\jcommander\1.78\jcommander-1.78.jar;D:\Java_About\Java_component\apache-maven-3.5.0\sts-maven\org\springframework\boot\spring-boot-starter-freemarker\2.2.6.RELEASE\spring-boot-starter-freemarker-2.2.6.RELEASE.jar;D:\Java_About\Java_component\apache-maven-3.5.0\sts-maven\org\freemarker\freemarker\2.3.30\freemarker-2.3.30.jar;D:\Java_About\Java_component\apache-maven-3.5.0\sts-maven\org\springframework\spring-context-support\5.2.5.RELEASE\spring-context-support-5.2.5.RELEASE.jar;D:\Java_About\Java_component\apache-maven-3.5.0\sts-maven\org\springframework\boot\spring-boot-configuration-processor\2.2.6.RELEASE\spring-boot-configuration-processor-2.2.6.RELEASE.jar;D:\Java_About\Java_component\apache-maven-3.5.0\sts-maven\com\github\pagehelper\pagehelper-spring-boot-starter\1.3.0\pagehelper-spring-boot-starter-1.3.0.jar;D:\Java_About\Java_component\apache-maven-3.5.0\sts-maven\com\github\pagehelper\pagehelper-spring-boot-autoconfigure\1.3.0\pagehelper-spring-boot-autoconfigure-1.3.0.jar;D:\Java_About\Java_component\apache-maven-3.5.0\sts-maven\com\github\pagehelper\pagehelper\5.2.0\pagehelper-5.2.0.jar;D:\Java_About\Java_component\apache-maven-3.5.0\sts-maven\com\github\jsqlparser\jsqlparser\3.2\jsqlparser-3.2.jar;D:\Java_About\Java_component\apache-maven-3.5.0\sts-maven\org\springframework\data\spring-data-commons\2.4.6\spring-data-commons-2.4.6.jar;D:\Java_About\Java_component\apache-maven-3.5.0\sts-maven\org\springframework\spring-beans\5.2.5.RELEASE\spring-beans-5.2.5.RELEASE.jar;D:\Java_About\Java_component\apache-maven-3.5.0\sts-maven\com\baomidou\mybatis-plus-boot-starter\3.3.2\mybatis-plus-boot-starter-3.3.2.jar;D:\Java_About\Java_component\apache-maven-3.5.0\sts-maven\com\baomidou\mybatis-plus\3.3.2\mybatis-plus-3.3.2.jar;D:\Java_About\Java_component\apache-maven-3.5.0\sts-maven\com\baomidou\mybatis-plus-extension\3.3.2\mybatis-plus-extension-3.3.2.jar;D:\Java_About\Java_component\apache-maven-3.5.0\sts-maven\com\baomidou\mybatis-plus-core\3.3.2\mybatis-plus-core-3.3.2.jar;D:\Java_About\Java_component\apache-maven-3.5.0\sts-maven\com\baomidou\mybatis-plus-annotation\3.3.2\mybatis-plus-annotation-3.3.2.jar;D:\Java_About\Java_component\apache-maven-3.5.0\sts-maven\org\springframework\boot\spring-boot-autoconfigure\2.2.6.RELEASE\spring-boot-autoconfigure-2.2.6.RELEASE.jar;"/>
    <property name="java.vm.vendor" value="Oracle Corporation"/>
    <property name="sun.arch.data.model" value="64"/>
    <property name="user.variant" value=""/>
    <property name="java.vendor.url" value="http://java.oracle.com/"/>
    <property name="user.timezone" value="Asia/Shanghai"/>
    <property name="java.vm.specification.version" value="1.8"/>
    <property name="os.name" value="Windows 10"/>
    <property name="user.country" value="CN"/>
    <property name="sun.java.launcher" value="SUN_STANDARD"/>
    <property name="sun.boot.library.path" value="D:\Java_About\Java_component\jdk1.8.0_144\jre\bin"/>
    <property name="sun.java.command" value="C:\Users\hresh\AppData\Local\Temp\surefire2638704885613005586\surefirebooter2476992879394226492.jar C:\Users\hresh\AppData\Local\Temp\surefire2638704885613005586 2021-04-18T17-52-45_318-jvmRun1 surefire3560052137488115392tmp surefire_01085264545121525404tmp"/>
    <property name="surefire.test.class.path" value="F:\workspace\code_generate\mybatis-generator\target\test-classes;F:\workspace\code_generate\mybatis-generator\target\classes;D:\Java_About\Java_component\apache-maven-3.5.0\sts-maven\org\springframework\boot\spring-boot-starter-web\2.2.6.RELEASE\spring-boot-starter-web-2.2.6.RELEASE.jar;D:\Java_About\Java_component\apache-maven-3.5.0\sts-maven\org\springframework\boot\spring-boot-starter\2.2.6.RELEASE\spring-boot-starter-2.2.6.RELEASE.jar;D:\Java_About\Java_component\apache-maven-3.5.0\sts-maven\org\springframework\boot\spring-boot\2.2.6.RELEASE\spring-boot-2.2.6.RELEASE.jar;D:\Java_About\Java_component\apache-maven-3.5.0\sts-maven\org\springframework\boot\spring-boot-starter-logging\2.2.6.RELEASE\spring-boot-starter-logging-2.2.6.RELEASE.jar;D:\Java_About\Java_component\apache-maven-3.5.0\sts-maven\org\apache\logging\log4j\log4j-to-slf4j\2.12.1\log4j-to-slf4j-2.12.1.jar;D:\Java_About\Java_component\apache-maven-3.5.0\sts-maven\org\apache\logging\log4j\log4j-api\2.12.1\log4j-api-2.12.1.jar;D:\Java_About\Java_component\apache-maven-3.5.0\sts-maven\org\slf4j\jul-to-slf4j\1.7.30\jul-to-slf4j-1.7.30.jar;D:\Java_About\Java_component\apache-maven-3.5.0\sts-maven\jakarta\annotation\jakarta.annotation-api\1.3.5\jakarta.annotation-api-1.3.5.jar;D:\Java_About\Java_component\apache-maven-3.5.0\sts-maven\org\yaml\snakeyaml\1.25\snakeyaml-1.25.jar;D:\Java_About\Java_component\apache-maven-3.5.0\sts-maven\org\springframework\boot\spring-boot-starter-json\2.2.6.RELEASE\spring-boot-starter-json-2.2.6.RELEASE.jar;D:\Java_About\Java_component\apache-maven-3.5.0\sts-maven\com\fasterxml\jackson\core\jackson-databind\2.10.3\jackson-databind-2.10.3.jar;D:\Java_About\Java_component\apache-maven-3.5.0\sts-maven\com\fasterxml\jackson\core\jackson-core\2.10.3\jackson-core-2.10.3.jar;D:\Java_About\Java_component\apache-maven-3.5.0\sts-maven\com\fasterxml\jackson\datatype\jackson-datatype-jdk8\2.10.3\jackson-datatype-jdk8-2.10.3.jar;D:\Java_About\Java_component\apache-maven-3.5.0\sts-maven\com\fasterxml\jackson\datatype\jackson-datatype-jsr310\2.10.3\jackson-datatype-jsr310-2.10.3.jar;D:\Java_About\Java_component\apache-maven-3.5.0\sts-maven\com\fasterxml\jackson\module\jackson-module-parameter-names\2.10.3\jackson-module-parameter-names-2.10.3.jar;D:\Java_About\Java_component\apache-maven-3.5.0\sts-maven\org\springframework\boot\spring-boot-starter-tomcat\2.2.6.RELEASE\spring-boot-starter-tomcat-2.2.6.RELEASE.jar;D:\Java_About\Java_component\apache-maven-3.5.0\sts-maven\org\apache\tomcat\embed\tomcat-embed-core\9.0.33\tomcat-embed-core-9.0.33.jar;D:\Java_About\Java_component\apache-maven-3.5.0\sts-maven\org\apache\tomcat\embed\tomcat-embed-el\9.0.33\tomcat-embed-el-9.0.33.jar;D:\Java_About\Java_component\apache-maven-3.5.0\sts-maven\org\apache\tomcat\embed\tomcat-embed-websocket\9.0.33\tomcat-embed-websocket-9.0.33.jar;D:\Java_About\Java_component\apache-maven-3.5.0\sts-maven\org\springframework\boot\spring-boot-starter-validation\2.2.6.RELEASE\spring-boot-starter-validation-2.2.6.RELEASE.jar;D:\Java_About\Java_component\apache-maven-3.5.0\sts-maven\jakarta\validation\jakarta.validation-api\2.0.2\jakarta.validation-api-2.0.2.jar;D:\Java_About\Java_component\apache-maven-3.5.0\sts-maven\org\hibernate\validator\hibernate-validator\6.0.18.Final\hibernate-validator-6.0.18.Final.jar;D:\Java_About\Java_component\apache-maven-3.5.0\sts-maven\org\jboss\logging\jboss-logging\3.4.1.Final\jboss-logging-3.4.1.Final.jar;D:\Java_About\Java_component\apache-maven-3.5.0\sts-maven\org\springframework\spring-web\5.2.5.RELEASE\spring-web-5.2.5.RELEASE.jar;D:\Java_About\Java_component\apache-maven-3.5.0\sts-maven\org\springframework\spring-webmvc\5.2.5.RELEASE\spring-webmvc-5.2.5.RELEASE.jar;D:\Java_About\Java_component\apache-maven-3.5.0\sts-maven\org\springframework\spring-aop\5.2.5.RELEASE\spring-aop-5.2.5.RELEASE.jar;D:\Java_About\Java_component\apache-maven-3.5.0\sts-maven\org\springframework\spring-context\5.2.5.RELEASE\spring-context-5.2.5.RELEASE.jar;D:\Java_About\Java_component\apache-maven-3.5.0\sts-maven\org\springframework\spring-expression\5.2.5.RELEASE\spring-expression-5.2.5.RELEASE.jar;D:\Java_About\Java_component\apache-maven-3.5.0\sts-maven\com\alibaba\fastjson\1.2.73\fastjson-1.2.73.jar;D:\Java_About\Java_component\apache-maven-3.5.0\sts-maven\org\slf4j\slf4j-api\1.7.30\slf4j-api-1.7.30.jar;D:\Java_About\Java_component\apache-maven-3.5.0\sts-maven\ch\qos\logback\logback-core\1.2.3\logback-core-1.2.3.jar;D:\Java_About\Java_component\apache-maven-3.5.0\sts-maven\ch\qos\logback\logback-classic\1.2.3\logback-classic-1.2.3.jar;D:\Java_About\Java_component\apache-maven-3.5.0\sts-maven\cn\hutool\hutool-all\5.5.8\hutool-all-5.5.8.jar;D:\Java_About\Java_component\apache-maven-3.5.0\sts-maven\org\projectlombok\lombok\1.18.12\lombok-1.18.12.jar;D:\Java_About\Java_component\apache-maven-3.5.0\sts-maven\org\springframework\boot\spring-boot-starter-test\2.2.6.RELEASE\spring-boot-starter-test-2.2.6.RELEASE.jar;D:\Java_About\Java_component\apache-maven-3.5.0\sts-maven\org\springframework\boot\spring-boot-test\2.2.6.RELEASE\spring-boot-test-2.2.6.RELEASE.jar;D:\Java_About\Java_component\apache-maven-3.5.0\sts-maven\org\springframework\boot\spring-boot-test-autoconfigure\2.2.6.RELEASE\spring-boot-test-autoconfigure-2.2.6.RELEASE.jar;D:\Java_About\Java_component\apache-maven-3.5.0\sts-maven\com\jayway\jsonpath\json-path\2.4.0\json-path-2.4.0.jar;D:\Java_About\Java_component\apache-maven-3.5.0\sts-maven\net\minidev\json-smart\2.3\json-smart-2.3.jar;D:\Java_About\Java_component\apache-maven-3.5.0\sts-maven\net\minidev\accessors-smart\1.2\accessors-smart-1.2.jar;D:\Java_About\Java_component\apache-maven-3.5.0\sts-maven\org\ow2\asm\asm\5.0.4\asm-5.0.4.jar;D:\Java_About\Java_component\apache-maven-3.5.0\sts-maven\jakarta\xml\bind\jakarta.xml.bind-api\2.3.3\jakarta.xml.bind-api-2.3.3.jar;D:\Java_About\Java_component\apache-maven-3.5.0\sts-maven\jakarta\activation\jakarta.activation-api\1.2.2\jakarta.activation-api-1.2.2.jar;D:\Java_About\Java_component\apache-maven-3.5.0\sts-maven\org\junit\jupiter\junit-jupiter\5.5.2\junit-jupiter-5.5.2.jar;D:\Java_About\Java_component\apache-maven-3.5.0\sts-maven\org\junit\jupiter\junit-jupiter-api\5.5.2\junit-jupiter-api-5.5.2.jar;D:\Java_About\Java_component\apache-maven-3.5.0\sts-maven\org\opentest4j\opentest4j\1.2.0\opentest4j-1.2.0.jar;D:\Java_About\Java_component\apache-maven-3.5.0\sts-maven\org\junit\platform\junit-platform-commons\1.5.2\junit-platform-commons-1.5.2.jar;D:\Java_About\Java_component\apache-maven-3.5.0\sts-maven\org\junit\jupiter\junit-jupiter-params\5.5.2\junit-jupiter-params-5.5.2.jar;D:\Java_About\Java_component\apache-maven-3.5.0\sts-maven\org\junit\jupiter\junit-jupiter-engine\5.5.2\junit-jupiter-engine-5.5.2.jar;D:\Java_About\Java_component\apache-maven-3.5.0\sts-maven\org\junit\vintage\junit-vintage-engine\5.5.2\junit-vintage-engine-5.5.2.jar;D:\Java_About\Java_component\apache-maven-3.5.0\sts-maven\org\apiguardian\apiguardian-api\1.1.0\apiguardian-api-1.1.0.jar;D:\Java_About\Java_component\apache-maven-3.5.0\sts-maven\org\junit\platform\junit-platform-engine\1.5.2\junit-platform-engine-1.5.2.jar;D:\Java_About\Java_component\apache-maven-3.5.0\sts-maven\junit\junit\4.12\junit-4.12.jar;D:\Java_About\Java_component\apache-maven-3.5.0\sts-maven\org\mockito\mockito-junit-jupiter\3.1.0\mockito-junit-jupiter-3.1.0.jar;D:\Java_About\Java_component\apache-maven-3.5.0\sts-maven\org\assertj\assertj-core\3.13.2\assertj-core-3.13.2.jar;D:\Java_About\Java_component\apache-maven-3.5.0\sts-maven\org\hamcrest\hamcrest\2.1\hamcrest-2.1.jar;D:\Java_About\Java_component\apache-maven-3.5.0\sts-maven\org\mockito\mockito-core\3.1.0\mockito-core-3.1.0.jar;D:\Java_About\Java_component\apache-maven-3.5.0\sts-maven\net\bytebuddy\byte-buddy\1.10.8\byte-buddy-1.10.8.jar;D:\Java_About\Java_component\apache-maven-3.5.0\sts-maven\net\bytebuddy\byte-buddy-agent\1.10.8\byte-buddy-agent-1.10.8.jar;D:\Java_About\Java_component\apache-maven-3.5.0\sts-maven\org\objenesis\objenesis\2.6\objenesis-2.6.jar;D:\Java_About\Java_component\apache-maven-3.5.0\sts-maven\org\skyscreamer\jsonassert\1.5.0\jsonassert-1.5.0.jar;D:\Java_About\Java_component\apache-maven-3.5.0\sts-maven\com\vaadin\external\google\android-json\0.0.20131108.vaadin1\android-json-0.0.20131108.vaadin1.jar;D:\Java_About\Java_component\apache-maven-3.5.0\sts-maven\org\springframework\spring-core\5.2.5.RELEASE\spring-core-5.2.5.RELEASE.jar;D:\Java_About\Java_component\apache-maven-3.5.0\sts-maven\org\springframework\spring-jcl\5.2.5.RELEASE\spring-jcl-5.2.5.RELEASE.jar;D:\Java_About\Java_component\apache-maven-3.5.0\sts-maven\org\springframework\spring-test\5.2.5.RELEASE\spring-test-5.2.5.RELEASE.jar;D:\Java_About\Java_component\apache-maven-3.5.0\sts-maven\org\xmlunit\xmlunit-core\2.6.4\xmlunit-core-2.6.4.jar;D:\Java_About\Java_component\apache-maven-3.5.0\sts-maven\mysql\mysql-connector-java\8.0.19\mysql-connector-java-8.0.19.jar;D:\Java_About\Java_component\apache-maven-3.5.0\sts-maven\com\spring4all\swagger-spring-boot-starter\1.9.1.RELEASE\swagger-spring-boot-starter-1.9.1.RELEASE.jar;D:\Java_About\Java_component\apache-maven-3.5.0\sts-maven\io\springfox\springfox-swagger-ui\2.9.2\springfox-swagger-ui-2.9.2.jar;D:\Java_About\Java_component\apache-maven-3.5.0\sts-maven\io\springfox\springfox-spring-web\2.9.2\springfox-spring-web-2.9.2.jar;D:\Java_About\Java_component\apache-maven-3.5.0\sts-maven\io\springfox\springfox-swagger2\2.9.2\springfox-swagger2-2.9.2.jar;D:\Java_About\Java_component\apache-maven-3.5.0\sts-maven\io\swagger\swagger-annotations\1.5.20\swagger-annotations-1.5.20.jar;D:\Java_About\Java_component\apache-maven-3.5.0\sts-maven\io\springfox\springfox-spi\2.9.2\springfox-spi-2.9.2.jar;D:\Java_About\Java_component\apache-maven-3.5.0\sts-maven\io\springfox\springfox-core\2.9.2\springfox-core-2.9.2.jar;D:\Java_About\Java_component\apache-maven-3.5.0\sts-maven\io\springfox\springfox-schema\2.9.2\springfox-schema-2.9.2.jar;D:\Java_About\Java_component\apache-maven-3.5.0\sts-maven\io\springfox\springfox-swagger-common\2.9.2\springfox-swagger-common-2.9.2.jar;D:\Java_About\Java_component\apache-maven-3.5.0\sts-maven\com\google\guava\guava\20.0\guava-20.0.jar;D:\Java_About\Java_component\apache-maven-3.5.0\sts-maven\com\fasterxml\classmate\1.5.1\classmate-1.5.1.jar;D:\Java_About\Java_component\apache-maven-3.5.0\sts-maven\org\springframework\plugin\spring-plugin-core\1.2.0.RELEASE\spring-plugin-core-1.2.0.RELEASE.jar;D:\Java_About\Java_component\apache-maven-3.5.0\sts-maven\org\springframework\plugin\spring-plugin-metadata\1.2.0.RELEASE\spring-plugin-metadata-1.2.0.RELEASE.jar;D:\Java_About\Java_component\apache-maven-3.5.0\sts-maven\org\mapstruct\mapstruct\1.2.0.Final\mapstruct-1.2.0.Final.jar;D:\Java_About\Java_component\apache-maven-3.5.0\sts-maven\io\swagger\swagger-models\1.5.24\swagger-models-1.5.24.jar;D:\Java_About\Java_component\apache-maven-3.5.0\sts-maven\com\fasterxml\jackson\core\jackson-annotations\2.10.3\jackson-annotations-2.10.3.jar;D:\Java_About\Java_component\apache-maven-3.5.0\sts-maven\io\springfox\springfox-bean-validators\2.9.2\springfox-bean-validators-2.9.2.jar;D:\Java_About\Java_component\apache-maven-3.5.0\sts-maven\org\mybatis\spring\boot\mybatis-spring-boot-starter\2.1.4\mybatis-spring-boot-starter-2.1.4.jar;D:\Java_About\Java_component\apache-maven-3.5.0\sts-maven\org\springframework\boot\spring-boot-starter-jdbc\2.2.6.RELEASE\spring-boot-starter-jdbc-2.2.6.RELEASE.jar;D:\Java_About\Java_component\apache-maven-3.5.0\sts-maven\com\zaxxer\HikariCP\3.4.2\HikariCP-3.4.2.jar;D:\Java_About\Java_component\apache-maven-3.5.0\sts-maven\org\springframework\spring-jdbc\5.2.5.RELEASE\spring-jdbc-5.2.5.RELEASE.jar;D:\Java_About\Java_component\apache-maven-3.5.0\sts-maven\org\springframework\spring-tx\5.2.5.RELEASE\spring-tx-5.2.5.RELEASE.jar;D:\Java_About\Java_component\apache-maven-3.5.0\sts-maven\org\mybatis\spring\boot\mybatis-spring-boot-autoconfigure\2.1.4\mybatis-spring-boot-autoconfigure-2.1.4.jar;D:\Java_About\Java_component\apache-maven-3.5.0\sts-maven\org\mybatis\mybatis\3.5.6\mybatis-3.5.6.jar;D:\Java_About\Java_component\apache-maven-3.5.0\sts-maven\org\mybatis\mybatis-spring\2.0.6\mybatis-spring-2.0.6.jar;D:\Java_About\Java_component\apache-maven-3.5.0\sts-maven\tk\mybatis\mapper\4.1.5\mapper-4.1.5.jar;D:\Java_About\Java_component\apache-maven-3.5.0\sts-maven\javax\persistence\persistence-api\1.0\persistence-api-1.0.jar;D:\Java_About\Java_component\apache-maven-3.5.0\sts-maven\com\beust\jcommander\1.78\jcommander-1.78.jar;D:\Java_About\Java_component\apache-maven-3.5.0\sts-maven\org\springframework\boot\spring-boot-starter-freemarker\2.2.6.RELEASE\spring-boot-starter-freemarker-2.2.6.RELEASE.jar;D:\Java_About\Java_component\apache-maven-3.5.0\sts-maven\org\freemarker\freemarker\2.3.30\freemarker-2.3.30.jar;D:\Java_About\Java_component\apache-maven-3.5.0\sts-maven\org\springframework\spring-context-support\5.2.5.RELEASE\spring-context-support-5.2.5.RELEASE.jar;D:\Java_About\Java_component\apache-maven-3.5.0\sts-maven\org\springframework\boot\spring-boot-configuration-processor\2.2.6.RELEASE\spring-boot-configuration-processor-2.2.6.RELEASE.jar;D:\Java_About\Java_component\apache-maven-3.5.0\sts-maven\com\github\pagehelper\pagehelper-spring-boot-starter\1.3.0\pagehelper-spring-boot-starter-1.3.0.jar;D:\Java_About\Java_component\apache-maven-3.5.0\sts-maven\com\github\pagehelper\pagehelper-spring-boot-autoconfigure\1.3.0\pagehelper-spring-boot-autoconfigure-1.3.0.jar;D:\Java_About\Java_component\apache-maven-3.5.0\sts-maven\com\github\pagehelper\pagehelper\5.2.0\pagehelper-5.2.0.jar;D:\Java_About\Java_component\apache-maven-3.5.0\sts-maven\com\github\jsqlparser\jsqlparser\3.2\jsqlparser-3.2.jar;D:\Java_About\Java_component\apache-maven-3.5.0\sts-maven\org\springframework\data\spring-data-commons\2.4.6\spring-data-commons-2.4.6.jar;D:\Java_About\Java_component\apache-maven-3.5.0\sts-maven\org\springframework\spring-beans\5.2.5.RELEASE\spring-beans-5.2.5.RELEASE.jar;D:\Java_About\Java_component\apache-maven-3.5.0\sts-maven\com\baomidou\mybatis-plus-boot-starter\3.3.2\mybatis-plus-boot-starter-3.3.2.jar;D:\Java_About\Java_component\apache-maven-3.5.0\sts-maven\com\baomidou\mybatis-plus\3.3.2\mybatis-plus-3.3.2.jar;D:\Java_About\Java_component\apache-maven-3.5.0\sts-maven\com\baomidou\mybatis-plus-extension\3.3.2\mybatis-plus-extension-3.3.2.jar;D:\Java_About\Java_component\apache-maven-3.5.0\sts-maven\com\baomidou\mybatis-plus-core\3.3.2\mybatis-plus-core-3.3.2.jar;D:\Java_About\Java_component\apache-maven-3.5.0\sts-maven\com\baomidou\mybatis-plus-annotation\3.3.2\mybatis-plus-annotation-3.3.2.jar;D:\Java_About\Java_component\apache-maven-3.5.0\sts-maven\org\springframework\boot\spring-boot-autoconfigure\2.2.6.RELEASE\spring-boot-autoconfigure-2.2.6.RELEASE.jar;"/>
    <property name="sun.cpu.endian" value="little"/>
    <property name="user.home" value="C:\Users\hresh"/>
    <property name="user.language" value="zh"/>
    <property name="java.specification.vendor" value="Oracle Corporation"/>
    <property name="java.home" value="D:\Java_About\Java_component\jdk1.8.0_144\jre"/>
    <property name="basedir" value="F:\workspace\code_generate\mybatis-generator"/>
    <property name="file.separator" value="\"/>
    <property name="line.separator" value="&#10;"/>
    <property name="java.vm.specification.vendor" value="Oracle Corporation"/>
    <property name="java.specification.name" value="Java Platform API Specification"/>
    <property name="java.awt.graphicsenv" value="sun.awt.Win32GraphicsEnvironment"/>
    <property name="surefire.real.class.path" value="C:\Users\hresh\AppData\Local\Temp\surefire2638704885613005586\surefirebooter2476992879394226492.jar"/>
    <property name="sun.boot.class.path" value="D:\Java_About\Java_component\jdk1.8.0_144\jre\lib\resources.jar;D:\Java_About\Java_component\jdk1.8.0_144\jre\lib\rt.jar;D:\Java_About\Java_component\jdk1.8.0_144\jre\lib\sunrsasign.jar;D:\Java_About\Java_component\jdk1.8.0_144\jre\lib\jsse.jar;D:\Java_About\Java_component\jdk1.8.0_144\jre\lib\jce.jar;D:\Java_About\Java_component\jdk1.8.0_144\jre\lib\charsets.jar;D:\Java_About\Java_component\jdk1.8.0_144\jre\lib\jfr.jar;D:\Java_About\Java_component\jdk1.8.0_144\jre\classes"/>
    <property name="user.script" value=""/>
    <property name="sun.management.compiler" value="HotSpot 64-Bit Tiered Compilers"/>
    <property name="java.runtime.version" value="1.8.0_144-b01"/>
    <property name="user.name" value="hresh"/>
    <property name="path.separator" value=";"/>
    <property name="os.version" value="10.0"/>
    <property name="java.endorsed.dirs" value="D:\Java_About\Java_component\jdk1.8.0_144\jre\lib\endorsed"/>
    <property name="java.runtime.name" value="Java(TM) SE Runtime Environment"/>
    <property name="file.encoding" value="GBK"/>
    <property name="java.vm.name" value="Java HotSpot(TM) 64-Bit Server VM"/>
    <property name="localRepository" value="D:\Java_About\Java_component\apache-maven-3.5.0\sts-maven"/>
    <property name="java.vendor.url.bug" value="http://bugreport.sun.com/bugreport/"/>
    <property name="java.io.tmpdir" value="C:\Users\hresh\AppData\Local\Temp\"/>
    <property name="java.version" value="1.8.0_144"/>
    <property name="user.dir" value="F:\workspace\code_generate\mybatis-generator"/>
    <property name="os.arch" value="amd64"/>
    <property name="java.vm.specification.name" value="Java Virtual Machine Specification"/>
    <property name="java.awt.printerjob" value="sun.awt.windows.WPrinterJob"/>
    <property name="idea.version2019.1.3" value="true"/>
    <property name="sun.os.patch.level" value=""/>
    <property name="java.library.path" value="D:\Java_About\Java_component\jdk1.8.0_144\jre\bin;C:\WINDOWS\Sun\Java\bin;C:\WINDOWS\system32;C:\WINDOWS;C:\WINDOWS\system32;C:\WINDOWS;C:\WINDOWS\System32\Wbem;C:\WINDOWS\System32\WindowsPowerShell\v1.0\;C:\WINDOWS\System32\OpenSSH\;D:\Java_About\Java_component\jdk1.8.0_144\bin;D:\Java_About\Java_component\apache-maven-3.5.0\bin;D:\Soft_Install\SVN\bin;D:\Java_About\Java_component\jdk1.8.0_144\jre\bin;D:\Soft_Install\Git\cmd;D:\Soft_Install\mysql-5.7.25-winx64\bin;D:\Soft_Install\Python37;D:\Soft_Install\Python37\Scripts;D:\Soft_Install\MongoDB\bin;D:\Soft_Install\Redis;D:\Java_About\Java_component\aspectj-1.9.2\bin;D:\Java_About\Java_component\apache-tomcat-9.0.31\bin;D:\Java_About\Java_component\apache-tomcat-9.0.31\lib;C:\Android;C:\Windows\System32;D:\Soft_Install\Microsoft VS Code\bin;D:\Soft_Install\apache-jmeter-5.2.1\bin;D:\Soft_Install\nodejs\node_global;D:\Soft_Install\NodeJsNew\;D:\Soft_Install\erl-23.2\bin;D:\Soft_Install\Xshell7\;D:\Soft_Install\Xftp6\;C:\Users\hresh\AppData\Local\Microsoft\WindowsApps;D:\Soft_Install\Anaconda25;C:\Users\hresh\AppData\Local\BypassRuntm;%USERPROFILE%\AppData\Local\Microsoft\WindowsApps;."/>
    <property name="java.vm.info" value="mixed mode"/>
    <property name="java.vendor" value="Oracle Corporation"/>
    <property name="java.vm.version" value="25.144-b01"/>
    <property name="java.ext.dirs" value="D:\Java_About\Java_component\jdk1.8.0_144\jre\lib\ext;C:\WINDOWS\Sun\Java\lib\ext"/>
    <property name="sun.io.unicode.encoding" value="UnicodeLittle"/>
    <property name="maven.repo.local" value="D:\Java_About\Java_component\apache-maven-3.5.0\sts-maven"/>
    <property name="java.class.version" value="52.0"/>
  </properties>
  <testcase name="test" classname="com.msdn.CodeTest" time="0.094"/>
</testsuite>